03/12/2019 03:40:38 PM - GooglePage - INFO: Waiting for maximum :: 15 :: seconds for element to be clickable
03/12/2019 03:40:50 PM - GooglePage - INFO: PASS: Element appeared on the web page
03/12/2019 03:40:51 PM - GooglePage - INFO: Element found with locator: q and  locatorType: name
03/12/2019 03:40:51 PM - GooglePage - INFO: Sent data on element with locator: q locatorType: name
03/12/2019 03:40:51 PM - GooglePage - INFO: Element found with locator: btnK and  locatorType: name
03/12/2019 03:40:51 PM - GooglePage - INFO: FAILED: Cannot click on the element with locator: btnK locatorType: name
03/12/2019 03:40:53 PM - GooglePage - INFO: Waiting for maximum :: 10 :: seconds for element to be clickable
03/12/2019 03:41:05 PM - GooglePage - INFO: PASS: Element appeared on the web page
03/12/2019 03:41:08 PM - GooglePage - INFO: Element not found with locator: resultStats and  locatorType: id
03/12/2019 03:41:08 PM - GooglePage - INFO: FAILED: Element not present with locator: resultStats locatorType: id
03/12/2019 03:41:08 PM - TestStatus - ERROR: ### VERIFICATION FAILED :: + Search Successfully
03/12/2019 03:41:08 PM - TestStatus - INFO: Screenshot save to directory: C:\Users\enriquealejandro.d\PycharmProjects\WKSelenium\base\../screenshots/Search Successfully.1552426868376.png
03/12/2019 03:41:08 PM - TestStatus - ERROR: ### VERIFICATION FAILED :: + Google Search Successfully
03/12/2019 03:41:08 PM - TestStatus - INFO: Screenshot save to directory: C:\Users\enriquealejandro.d\PycharmProjects\WKSelenium\base\../screenshots/Google Search Successfully.1552426868654.png
03/12/2019 03:41:08 PM - TestStatus - ERROR: test_sanity_Google  ### TEST FAILED
03/12/2019 03:41:09 PM - GooglePage - INFO: Waiting for maximum :: 15 :: seconds for element to be clickable
03/12/2019 03:41:21 PM - GooglePage - INFO: PASS: Element appeared on the web page
03/12/2019 03:41:21 PM - GooglePage - INFO: Element found with locator: q and  locatorType: name
03/12/2019 03:41:21 PM - GooglePage - INFO: Sent data on element with locator: q locatorType: name
03/12/2019 03:41:21 PM - GooglePage - INFO: Element found with locator: btnK and  locatorType: name
03/12/2019 03:41:21 PM - GooglePage - INFO: FAILED: Cannot click on the element with locator: btnK locatorType: name
03/12/2019 03:41:23 PM - GooglePage - INFO: Waiting for maximum :: 10 :: seconds for element to be clickable
03/12/2019 03:41:35 PM - GooglePage - INFO: PASS: Element appeared on the web page
03/12/2019 03:41:38 PM - GooglePage - INFO: Element not found with locator: resultStats and  locatorType: id
03/12/2019 03:41:38 PM - GooglePage - INFO: FAILED: Element not present with locator: resultStats locatorType: id
03/12/2019 03:41:38 PM - TestStatus - ERROR: ### VERIFICATION FAILED :: + Search Successfully
03/12/2019 03:41:38 PM - TestStatus - INFO: Screenshot save to directory: C:\Users\enriquealejandro.d\PycharmProjects\WKSelenium\base\../screenshots/Search Successfully.1552426898671.png
03/12/2019 03:41:38 PM - TestStatus - ERROR: ### VERIFICATION FAILED :: + Google Search Successfully
03/12/2019 03:41:39 PM - TestStatus - INFO: Screenshot save to directory: C:\Users\enriquealejandro.d\PycharmProjects\WKSelenium\base\../screenshots/Google Search Successfully.1552426898942.png
03/12/2019 03:41:39 PM - TestStatus - ERROR: test_sanity_Google  ### TEST FAILED
